<?xml version="1.0" encoding="UTF-8"?>
<coverage generated="1690790804686" clover="3.2.0">
  <project timestamp="1690790804686" name="All files">
    <metrics statements="75" coveredstatements="43" conditionals="10" coveredconditionals="8" methods="31" coveredmethods="16" elements="116" coveredelements="67" complexity="0" loc="75" ncloc="75" packages="3" files="10" classes="10"/>
    <package name="src">
      <metrics statements="32" coveredstatements="0" conditionals="2" coveredconditionals="0" methods="15" coveredmethods="0"/>
      <file name="handler.ts" path="/Users/robert.goniszewski/Documents/repos/external/graphql/graphql-demo/src/handler.ts">
        <metrics statements="7" coveredstatements="0" conditionals="0" coveredconditionals="0" methods="2" coveredmethods="0"/>
        <line num="1" count="0" type="stmt"/>
        <line num="5" count="0" type="stmt"/>
        <line num="6" count="0" type="stmt"/>
        <line num="8" count="0" type="stmt"/>
        <line num="11" count="0" type="stmt"/>
        <line num="15" count="0" type="stmt"/>
        <line num="16" count="0" type="stmt"/>
      </file>
      <file name="node.ts" path="/Users/robert.goniszewski/Documents/repos/external/graphql/graphql-demo/src/node.ts">
        <metrics statements="8" coveredstatements="0" conditionals="0" coveredconditionals="0" methods="3" coveredmethods="0"/>
        <line num="1" count="0" type="stmt"/>
        <line num="3" count="0" type="stmt"/>
        <line num="4" count="0" type="stmt"/>
        <line num="7" count="0" type="stmt"/>
        <line num="8" count="0" type="stmt"/>
        <line num="9" count="0" type="stmt"/>
        <line num="16" count="0" type="stmt"/>
        <line num="22" count="0" type="stmt"/>
      </file>
      <file name="resolvers.ts" path="/Users/robert.goniszewski/Documents/repos/external/graphql/graphql-demo/src/resolvers.ts">
        <metrics statements="11" coveredstatements="0" conditionals="2" coveredconditionals="0" methods="10" coveredmethods="0"/>
        <line num="3" count="0" type="stmt"/>
        <line num="9" count="0" type="stmt"/>
        <line num="10" count="0" type="stmt"/>
        <line num="12" count="0" type="stmt"/>
        <line num="13" count="0" type="stmt"/>
        <line num="21" count="0" type="stmt"/>
        <line num="22" count="0" type="stmt"/>
        <line num="28" count="0" type="stmt"/>
        <line num="29" count="0" type="stmt"/>
        <line num="31" count="0" type="stmt"/>
        <line num="32" count="0" type="stmt"/>
      </file>
      <file name="schema.ts" path="/Users/robert.goniszewski/Documents/repos/external/graphql/graphql-demo/src/schema.ts">
        <metrics statements="2" coveredstatements="0" conditionals="0" coveredconditionals="0" methods="0" coveredmethods="0"/>
        <line num="1" count="0" type="stmt"/>
        <line num="3" count="0" type="stmt"/>
      </file>
      <file name="server.ts" path="/Users/robert.goniszewski/Documents/repos/external/graphql/graphql-demo/src/server.ts">
        <metrics statements="4" coveredstatements="0" conditionals="0" coveredconditionals="0" methods="0" coveredmethods="0"/>
        <line num="1" count="0" type="stmt"/>
        <line num="2" count="0" type="stmt"/>
        <line num="3" count="0" type="stmt"/>
        <line num="5" count="0" type="stmt"/>
      </file>
    </package>
    <package name="src.datasources">
      <metrics statements="30" coveredstatements="30" conditionals="5" coveredconditionals="5" methods="11" coveredmethods="11"/>
      <file name="json-api.ts" path="/Users/robert.goniszewski/Documents/repos/external/graphql/graphql-demo/src/datasources/json-api.ts">
        <metrics statements="30" coveredstatements="30" conditionals="5" coveredconditionals="5" methods="11" coveredmethods="11"/>
        <line num="1" count="1" type="stmt"/>
        <line num="4" count="1" type="stmt"/>
        <line num="19" count="6" type="stmt"/>
        <line num="27" count="1" type="stmt"/>
        <line num="28" count="9" type="stmt"/>
        <line num="31" count="4" type="stmt"/>
        <line num="35" count="10" type="stmt"/>
        <line num="39" count="2" type="stmt"/>
        <line num="41" count="2" type="stmt"/>
        <line num="42" count="2" type="stmt"/>
        <line num="43" count="2" type="stmt"/>
        <line num="44" count="2" type="stmt"/>
        <line num="46" count="1" type="stmt"/>
        <line num="48" count="1" type="stmt"/>
        <line num="56" count="1" type="stmt"/>
        <line num="67" count="2" type="stmt"/>
        <line num="69" count="2" type="stmt"/>
        <line num="70" count="2" type="stmt"/>
        <line num="71" count="2" type="stmt"/>
        <line num="73" count="10" type="stmt"/>
        <line num="75" count="2" type="cond" truecount="1" falsecount="0"/>
        <line num="76" count="1" type="stmt"/>
        <line num="79" count="1" type="stmt"/>
        <line num="81" count="1" type="stmt"/>
        <line num="89" count="1" type="stmt"/>
        <line num="100" count="10" type="stmt"/>
        <line num="102" count="2" type="cond" truecount="2" falsecount="0"/>
        <line num="103" count="7" type="stmt"/>
        <line num="105" count="1" type="stmt"/>
        <line num="111" count="1" type="stmt"/>
      </file>
    </package>
    <package name="src.validators">
      <metrics statements="13" coveredstatements="13" conditionals="3" coveredconditionals="3" methods="5" coveredmethods="5"/>
      <file name="index.ts" path="/Users/robert.goniszewski/Documents/repos/external/graphql/graphql-demo/src/validators/index.ts">
        <metrics statements="3" coveredstatements="3" conditionals="0" coveredconditionals="0" methods="0" coveredmethods="0"/>
        <line num="1" count="1" type="stmt"/>
        <line num="2" count="1" type="stmt"/>
        <line num="3" count="1" type="stmt"/>
      </file>
      <file name="validate-character-not-exists.ts" path="/Users/robert.goniszewski/Documents/repos/external/graphql/graphql-demo/src/validators/validate-character-not-exists.ts">
        <metrics statements="3" coveredstatements="3" conditionals="1" coveredconditionals="1" methods="2" coveredmethods="2"/>
        <line num="3" count="2" type="stmt"/>
        <line num="7" count="13" type="cond" truecount="1" falsecount="0"/>
        <line num="8" count="2" type="stmt"/>
      </file>
      <file name="validate-episodes.ts" path="/Users/robert.goniszewski/Documents/repos/external/graphql/graphql-demo/src/validators/validate-episodes.ts">
        <metrics statements="4" coveredstatements="4" conditionals="1" coveredconditionals="1" methods="2" coveredmethods="2"/>
        <line num="1" count="2" type="stmt"/>
        <line num="3" count="2" type="stmt"/>
        <line num="4" count="12" type="cond" truecount="1" falsecount="0"/>
        <line num="5" count="2" type="stmt"/>
      </file>
      <file name="validate-planet.ts" path="/Users/robert.goniszewski/Documents/repos/external/graphql/graphql-demo/src/validators/validate-planet.ts">
        <metrics statements="3" coveredstatements="3" conditionals="1" coveredconditionals="1" methods="1" coveredmethods="1"/>
        <line num="1" count="2" type="stmt"/>
        <line num="2" count="6" type="cond" truecount="1" falsecount="0"/>
        <line num="3" count="1" type="stmt"/>
      </file>
    </package>
  </project>
</coverage>
