{"/Users/robert.goniszewski/Documents/repos/external/graphql/graphql-demo/src/handler.ts": {"path":"/Users/robert.goniszewski/Documents/repos/external/graphql/graphql-demo/src/handler.ts","statementMap":{"0":{"start":{"line":1,"column":0},"end":{"line":1,"column":null}},"1":{"start":{"line":5,"column":0},"end":{"line":5,"column":34}},"2":{"start":{"line":6,"column":0},"end":{"line":6,"column":49}},"3":{"start":{"line":8,"column":13},"end":{"line":9,"column":56}},"4":{"start":{"line":11,"column":13},"end":{"line":23,"column":2}},"5":{"start":{"line":15,"column":24},"end":{"line":21,"column":null}},"6":{"start":{"line":16,"column":6},"end":{"line":20,"column":8}}},"fnMap":{"0":{"name":"(anonymous_7)","decl":{"start":{"line":15,"column":13},"end":{"line":15,"column":22}},"loc":{"start":{"line":15,"column":24},"end":{"line":21,"column":null}}},"1":{"name":"(anonymous_8)","decl":{"start":{"line":15,"column":24},"end":{"line":15,"column":null}},"loc":{"start":{"line":15,"column":24},"end":{"line":21,"column":5}}}},"branchMap":{},"s":{"0":0,"1":0,"2":0,"3":0,"4":0,"5":0,"6":0},"f":{"0":0,"1":0},"b":{}}
,"/Users/robert.goniszewski/Documents/repos/external/graphql/graphql-demo/src/node.ts": {"path":"/Users/robert.goniszewski/Documents/repos/external/graphql/graphql-demo/src/node.ts","statementMap":{"0":{"start":{"line":1,"column":0},"end":{"line":1,"column":66}},"1":{"start":{"line":3,"column":0},"end":{"line":3,"column":49}},"2":{"start":{"line":4,"column":0},"end":{"line":4,"column":34}},"3":{"start":{"line":7,"column":18},"end":{"line":15,"column":4}},"4":{"start":{"line":8,"column":24},"end":{"line":14,"column":null}},"5":{"start":{"line":9,"column":6},"end":{"line":13,"column":8}},"6":{"start":{"line":16,"column":2},"end":{"line":19,"column":5}},"7":{"start":{"line":22,"column":0},"end":{"line":22,"column":20}}},"fnMap":{"0":{"name":"startApolloServer","decl":{"start":{"line":6,"column":15},"end":{"line":6,"column":32}},"loc":{"start":{"line":6,"column":32},"end":{"line":20,"column":null}}},"1":{"name":"(anonymous_9)","decl":{"start":{"line":8,"column":13},"end":{"line":8,"column":22}},"loc":{"start":{"line":8,"column":24},"end":{"line":14,"column":null}}},"2":{"name":"(anonymous_10)","decl":{"start":{"line":8,"column":24},"end":{"line":8,"column":null}},"loc":{"start":{"line":8,"column":24},"end":{"line":14,"column":5}}}},"branchMap":{},"s":{"0":0,"1":0,"2":0,"3":0,"4":0,"5":0,"6":0,"7":0},"f":{"0":0,"1":0,"2":0},"b":{}}
,"/Users/robert.goniszewski/Documents/repos/external/graphql/graphql-demo/src/resolvers.ts": {"path":"/Users/robert.goniszewski/Documents/repos/external/graphql/graphql-demo/src/resolvers.ts","statementMap":{"0":{"start":{"line":3,"column":13},"end":{"line":35,"column":2}},"1":{"start":{"line":9,"column":8},"end":{"line":11,"column":null}},"2":{"start":{"line":10,"column":6},"end":{"line":10,"column":62}},"3":{"start":{"line":12,"column":60},"end":{"line":14,"column":null}},"4":{"start":{"line":13,"column":6},"end":{"line":13,"column":52}},"5":{"start":{"line":21,"column":8},"end":{"line":23,"column":null}},"6":{"start":{"line":22,"column":6},"end":{"line":22,"column":70}},"7":{"start":{"line":28,"column":8},"end":{"line":30,"column":null}},"8":{"start":{"line":29,"column":6},"end":{"line":29,"column":73}},"9":{"start":{"line":31,"column":66},"end":{"line":33,"column":null}},"10":{"start":{"line":32,"column":6},"end":{"line":32,"column":55}}},"fnMap":{"0":{"name":"(anonymous_7)","decl":{"start":{"line":5,"column":16},"end":{"line":5,"column":null}},"loc":{"start":{"line":9,"column":8},"end":{"line":11,"column":null}}},"1":{"name":"(anonymous_8)","decl":{"start":{"line":9,"column":8},"end":{"line":9,"column":null}},"loc":{"start":{"line":9,"column":8},"end":{"line":11,"column":5}}},"2":{"name":"(anonymous_9)","decl":{"start":{"line":12,"column":15},"end":{"line":12,"column":22}},"loc":{"start":{"line":12,"column":60},"end":{"line":14,"column":null}}},"3":{"name":"(anonymous_10)","decl":{"start":{"line":12,"column":60},"end":{"line":12,"column":null}},"loc":{"start":{"line":12,"column":60},"end":{"line":14,"column":5}}},"4":{"name":"(anonymous_11)","decl":{"start":{"line":17,"column":18},"end":{"line":17,"column":null}},"loc":{"start":{"line":21,"column":8},"end":{"line":23,"column":null}}},"5":{"name":"(anonymous_12)","decl":{"start":{"line":21,"column":8},"end":{"line":21,"column":null}},"loc":{"start":{"line":21,"column":8},"end":{"line":23,"column":5}}},"6":{"name":"(anonymous_13)","decl":{"start":{"line":24,"column":21},"end":{"line":24,"column":null}},"loc":{"start":{"line":28,"column":8},"end":{"line":30,"column":null}}},"7":{"name":"(anonymous_14)","decl":{"start":{"line":28,"column":8},"end":{"line":28,"column":null}},"loc":{"start":{"line":28,"column":8},"end":{"line":30,"column":5}}},"8":{"name":"(anonymous_15)","decl":{"start":{"line":31,"column":21},"end":{"line":31,"column":28}},"loc":{"start":{"line":31,"column":66},"end":{"line":33,"column":null}}},"9":{"name":"(anonymous_16)","decl":{"start":{"line":31,"column":66},"end":{"line":31,"column":null}},"loc":{"start":{"line":31,"column":66},"end":{"line":33,"column":5}}}},"branchMap":{"0":{"loc":{"start":{"line":7,"column":8},"end":{"line":7,"column":18}},"type":"default-arg","locations":[{"start":{"line":7,"column":17},"end":{"line":7,"column":18}}]},"1":{"loc":{"start":{"line":7,"column":20},"end":{"line":7,"column":30}},"type":"default-arg","locations":[{"start":{"line":7,"column":28},"end":{"line":7,"column":30}}]}},"s":{"0":0,"1":0,"2":0,"3":0,"4":0,"5":0,"6":0,"7":0,"8":0,"9":0,"10":0},"f":{"0":0,"1":0,"2":0,"3":0,"4":0,"5":0,"6":0,"7":0,"8":0,"9":0},"b":{"0":[0],"1":[0]}}
,"/Users/robert.goniszewski/Documents/repos/external/graphql/graphql-demo/src/schema.ts": {"path":"/Users/robert.goniszewski/Documents/repos/external/graphql/graphql-demo/src/schema.ts","statementMap":{"0":{"start":{"line":1,"column":0},"end":{"line":1,"column":30}},"1":{"start":{"line":3,"column":13},"end":{"line":47,"column":2}}},"fnMap":{},"branchMap":{},"s":{"0":0,"1":0},"f":{},"b":{}}
,"/Users/robert.goniszewski/Documents/repos/external/graphql/graphql-demo/src/server.ts": {"path":"/Users/robert.goniszewski/Documents/repos/external/graphql/graphql-demo/src/server.ts","statementMap":{"0":{"start":{"line":1,"column":0},"end":{"line":1,"column":46}},"1":{"start":{"line":2,"column":0},"end":{"line":2,"column":34}},"2":{"start":{"line":3,"column":0},"end":{"line":3,"column":40}},"3":{"start":{"line":5,"column":13},"end":{"line":8,"column":3}}},"fnMap":{},"branchMap":{},"s":{"0":0,"1":0,"2":0,"3":0},"f":{},"b":{}}
,"/Users/robert.goniszewski/Documents/repos/external/graphql/graphql-demo/src/datasources/json-api.ts": {"path":"/Users/robert.goniszewski/Documents/repos/external/graphql/graphql-demo/src/datasources/json-api.ts","statementMap":{"0":{"start":{"line":1,"column":0},"end":{"line":1,"column":53}},"1":{"start":{"line":4,"column":0},"end":{"line":4,"column":null}},"2":{"start":{"line":19,"column":2},"end":{"line":23,"column":null}},"3":{"start":{"line":28,"column":2},"end":{"line":28,"column":26}},"4":{"start":{"line":31,"column":4},"end":{"line":31,"column":52}},"5":{"start":{"line":35,"column":4},"end":{"line":35,"column":67}},"6":{"start":{"line":35,"column":42},"end":{"line":35,"column":65}},"7":{"start":{"line":39,"column":22},"end":{"line":39,"column":48}},"8":{"start":{"line":41,"column":4},"end":{"line":63,"column":null}},"9":{"start":{"line":42,"column":6},"end":{"line":42,"column":33}},"10":{"start":{"line":43,"column":6},"end":{"line":43,"column":29}},"11":{"start":{"line":44,"column":6},"end":{"line":44,"column":51}},"12":{"start":{"line":46,"column":6},"end":{"line":46,"column":33}},"13":{"start":{"line":48,"column":6},"end":{"line":54,"column":8}},"14":{"start":{"line":56,"column":6},"end":{"line":62,"column":8}},"15":{"start":{"line":67,"column":22},"end":{"line":67,"column":48}},"16":{"start":{"line":69,"column":4},"end":{"line":96,"column":null}},"17":{"start":{"line":70,"column":6},"end":{"line":70,"column":33}},"18":{"start":{"line":71,"column":6},"end":{"line":71,"column":29}},"19":{"start":{"line":73,"column":20},"end":{"line":73,"column":64}},"20":{"start":{"line":73,"column":48},"end":{"line":73,"column":63}},"21":{"start":{"line":75,"column":6},"end":{"line":77,"column":null}},"22":{"start":{"line":76,"column":8},"end":{"line":76,"column":65}},"23":{"start":{"line":79,"column":6},"end":{"line":79,"column":36}},"24":{"start":{"line":81,"column":6},"end":{"line":87,"column":8}},"25":{"start":{"line":89,"column":6},"end":{"line":95,"column":8}},"26":{"start":{"line":100,"column":22},"end":{"line":100,"column":61}},"27":{"start":{"line":100,"column":45},"end":{"line":100,"column":60}},"28":{"start":{"line":102,"column":4},"end":{"line":116,"column":null}},"29":{"start":{"line":103,"column":6},"end":{"line":103,"column":61}},"30":{"start":{"line":103,"column":44},"end":{"line":103,"column":59}},"31":{"start":{"line":105,"column":6},"end":{"line":109,"column":8}},"32":{"start":{"line":111,"column":6},"end":{"line":115,"column":8}},"33":{"start":{"line":27,"column":0},"end":{"line":27,"column":13}}},"fnMap":{"0":{"name":"returnMutationResponse","decl":{"start":{"line":10,"column":9},"end":{"line":10,"column":31}},"loc":{"start":{"line":13,"column":22},"end":{"line":25,"column":1}}},"1":{"name":"(anonymous_1)","decl":{"start":{"line":27,"column":0},"end":{"line":27,"column":13}},"loc":{"start":{"line":27,"column":0},"end":{"line":118,"column":1}}},"2":{"name":"(anonymous_2)","decl":{"start":{"line":30,"column":2},"end":{"line":30,"column":15}},"loc":{"start":{"line":30,"column":45},"end":{"line":32,"column":3}}},"3":{"name":"(anonymous_3)","decl":{"start":{"line":34,"column":2},"end":{"line":34,"column":14}},"loc":{"start":{"line":34,"column":27},"end":{"line":36,"column":3}}},"4":{"name":"(anonymous_4)","decl":{"start":{"line":35,"column":27},"end":{"line":35,"column":28}},"loc":{"start":{"line":35,"column":42},"end":{"line":35,"column":65}}},"5":{"name":"(anonymous_5)","decl":{"start":{"line":38,"column":2},"end":{"line":38,"column":14}},"loc":{"start":{"line":38,"column":64},"end":{"line":64,"column":3}}},"6":{"name":"(anonymous_6)","decl":{"start":{"line":66,"column":2},"end":{"line":66,"column":17}},"loc":{"start":{"line":66,"column":67},"end":{"line":97,"column":3}}},"7":{"name":"(anonymous_7)","decl":{"start":{"line":73,"column":41},"end":{"line":73,"column":42}},"loc":{"start":{"line":73,"column":48},"end":{"line":73,"column":63}}},"8":{"name":"(anonymous_8)","decl":{"start":{"line":99,"column":2},"end":{"line":99,"column":17}},"loc":{"start":{"line":99,"column":30},"end":{"line":117,"column":3}}},"9":{"name":"(anonymous_9)","decl":{"start":{"line":100,"column":38},"end":{"line":100,"column":39}},"loc":{"start":{"line":100,"column":45},"end":{"line":100,"column":60}}},"10":{"name":"(anonymous_10)","decl":{"start":{"line":103,"column":37},"end":{"line":103,"column":38}},"loc":{"start":{"line":103,"column":44},"end":{"line":103,"column":59}}}},"branchMap":{"0":{"loc":{"start":{"line":20,"column":10},"end":{"line":20,"column":29}},"type":"cond-expr","locations":[{"start":{"line":20,"column":20},"end":{"line":20,"column":23}},{"start":{"line":20,"column":26},"end":{"line":20,"column":29}}]},"1":{"loc":{"start":{"line":75,"column":6},"end":{"line":77,"column":null}},"type":"if","locations":[{"start":{"line":75,"column":6},"end":{"line":77,"column":null}}]},"2":{"loc":{"start":{"line":102,"column":4},"end":{"line":116,"column":null}},"type":"if","locations":[{"start":{"line":102,"column":4},"end":{"line":116,"column":null}},{"start":{"line":110,"column":11},"end":{"line":116,"column":null}}]}},"s":{"0":1,"1":1,"2":6,"3":9,"4":4,"5":2,"6":10,"7":2,"8":2,"9":2,"10":2,"11":2,"12":1,"13":1,"14":1,"15":2,"16":2,"17":2,"18":2,"19":2,"20":10,"21":2,"22":1,"23":1,"24":1,"25":1,"26":2,"27":10,"28":2,"29":1,"30":7,"31":1,"32":1,"33":1},"f":{"0":6,"1":9,"2":4,"3":2,"4":10,"5":2,"6":2,"7":10,"8":2,"9":10,"10":7},"b":{"0":[3,3],"1":[1],"2":[1,1]}}
,"/Users/robert.goniszewski/Documents/repos/external/graphql/graphql-demo/src/validators/index.ts": {"path":"/Users/robert.goniszewski/Documents/repos/external/graphql/graphql-demo/src/validators/index.ts","statementMap":{"0":{"start":{"line":1,"column":0},"end":{"line":1,"column":36}},"1":{"start":{"line":2,"column":0},"end":{"line":2,"column":34}},"2":{"start":{"line":3,"column":0},"end":{"line":3,"column":48}}},"fnMap":{},"branchMap":{},"s":{"0":1,"1":1,"2":1},"f":{},"b":{}}
,"/Users/robert.goniszewski/Documents/repos/external/graphql/graphql-demo/src/validators/validate-character-not-exists.ts": {"path":"/Users/robert.goniszewski/Documents/repos/external/graphql/graphql-demo/src/validators/validate-character-not-exists.ts","statementMap":{"0":{"start":{"line":7,"column":2},"end":{"line":9,"column":null}},"1":{"start":{"line":7,"column":37},"end":{"line":7,"column":69}},"2":{"start":{"line":8,"column":4},"end":{"line":8,"column":61}},"3":{"start":{"line":3,"column":0},"end":{"line":3,"column":16}}},"fnMap":{"0":{"name":"validateCharacterNotExists","decl":{"start":{"line":3,"column":16},"end":{"line":3,"column":42}},"loc":{"start":{"line":5,"column":23},"end":{"line":10,"column":1}}},"1":{"name":"(anonymous_1)","decl":{"start":{"line":7,"column":22},"end":{"line":7,"column":23}},"loc":{"start":{"line":7,"column":37},"end":{"line":7,"column":69}}}},"branchMap":{"0":{"loc":{"start":{"line":7,"column":2},"end":{"line":9,"column":null}},"type":"if","locations":[{"start":{"line":7,"column":2},"end":{"line":9,"column":null}}]}},"s":{"0":4,"1":13,"2":2,"3":2},"f":{"0":4,"1":13},"b":{"0":[2]}}
,"/Users/robert.goniszewski/Documents/repos/external/graphql/graphql-demo/src/validators/validate-episodes.ts": {"path":"/Users/robert.goniszewski/Documents/repos/external/graphql/graphql-demo/src/validators/validate-episodes.ts","statementMap":{"0":{"start":{"line":1,"column":17},"end":{"line":1,"column":46}},"1":{"start":{"line":4,"column":2},"end":{"line":6,"column":null}},"2":{"start":{"line":4,"column":35},"end":{"line":4,"column":61}},"3":{"start":{"line":5,"column":4},"end":{"line":5,"column":72}},"4":{"start":{"line":3,"column":0},"end":{"line":3,"column":16}}},"fnMap":{"0":{"name":"validateEpisodes","decl":{"start":{"line":3,"column":16},"end":{"line":3,"column":32}},"loc":{"start":{"line":3,"column":51},"end":{"line":7,"column":1}}},"1":{"name":"(anonymous_1)","decl":{"start":{"line":4,"column":22},"end":{"line":4,"column":23}},"loc":{"start":{"line":4,"column":35},"end":{"line":4,"column":61}}}},"branchMap":{"0":{"loc":{"start":{"line":4,"column":2},"end":{"line":6,"column":null}},"type":"if","locations":[{"start":{"line":4,"column":2},"end":{"line":6,"column":null}}]}},"s":{"0":2,"1":7,"2":12,"3":2,"4":2},"f":{"0":7,"1":12},"b":{"0":[2]}}
,"/Users/robert.goniszewski/Documents/repos/external/graphql/graphql-demo/src/validators/validate-planet.ts": {"path":"/Users/robert.goniszewski/Documents/repos/external/graphql/graphql-demo/src/validators/validate-planet.ts","statementMap":{"0":{"start":{"line":2,"column":2},"end":{"line":4,"column":null}},"1":{"start":{"line":3,"column":4},"end":{"line":3,"column":46}},"2":{"start":{"line":1,"column":0},"end":{"line":1,"column":16}}},"fnMap":{"0":{"name":"validatePlanet","decl":{"start":{"line":1,"column":16},"end":{"line":1,"column":30}},"loc":{"start":{"line":1,"column":45},"end":{"line":5,"column":1}}}},"branchMap":{"0":{"loc":{"start":{"line":2,"column":2},"end":{"line":4,"column":null}},"type":"if","locations":[{"start":{"line":2,"column":2},"end":{"line":4,"column":null}}]}},"s":{"0":6,"1":1,"2":2},"f":{"0":6},"b":{"0":[1]}}
}
