TN:
SF:src/handler.ts
FN:15,(anonymous_7)
FN:15,(anonymous_8)
FNF:2
FNH:0
FNDA:0,(anonymous_7)
FNDA:0,(anonymous_8)
DA:1,0
DA:5,0
DA:6,0
DA:8,0
DA:11,0
DA:15,0
DA:16,0
LF:7
LH:0
BRF:0
BRH:0
end_of_record
TN:
SF:src/node.ts
FN:6,startApolloServer
FN:8,(anonymous_9)
FN:8,(anonymous_10)
FNF:3
FNH:0
FNDA:0,startApolloServer
FNDA:0,(anonymous_9)
FNDA:0,(anonymous_10)
DA:1,0
DA:3,0
DA:4,0
DA:7,0
DA:8,0
DA:9,0
DA:16,0
DA:22,0
LF:8
LH:0
BRF:0
BRH:0
end_of_record
TN:
SF:src/resolvers.ts
FN:5,(anonymous_7)
FN:9,(anonymous_8)
FN:12,(anonymous_9)
FN:12,(anonymous_10)
FN:17,(anonymous_11)
FN:21,(anonymous_12)
FN:24,(anonymous_13)
FN:28,(anonymous_14)
FN:31,(anonymous_15)
FN:31,(anonymous_16)
FNF:10
FNH:0
FNDA:0,(anonymous_7)
FNDA:0,(anonymous_8)
FNDA:0,(anonymous_9)
FNDA:0,(anonymous_10)
FNDA:0,(anonymous_11)
FNDA:0,(anonymous_12)
FNDA:0,(anonymous_13)
FNDA:0,(anonymous_14)
FNDA:0,(anonymous_15)
FNDA:0,(anonymous_16)
DA:3,0
DA:9,0
DA:10,0
DA:12,0
DA:13,0
DA:21,0
DA:22,0
DA:28,0
DA:29,0
DA:31,0
DA:32,0
LF:11
LH:0
BRDA:7,0,0,0
BRDA:7,1,0,0
BRF:2
BRH:0
end_of_record
TN:
SF:src/schema.ts
FNF:0
FNH:0
DA:1,0
DA:3,0
LF:2
LH:0
BRF:0
BRH:0
end_of_record
TN:
SF:src/server.ts
FNF:0
FNH:0
DA:1,0
DA:2,0
DA:3,0
DA:5,0
LF:4
LH:0
BRF:0
BRH:0
end_of_record
TN:
SF:src/datasources/json-api.ts
FN:11,(anonymous_0)
FN:14,(anonymous_1)
FN:18,(anonymous_2)
FN:19,(anonymous_3)
FN:22,(anonymous_4)
FN:50,(anonymous_5)
FN:57,(anonymous_6)
FN:83,(anonymous_7)
FN:84,(anonymous_8)
FN:87,(anonymous_9)
FNF:10
FNH:10
FNDA:9,(anonymous_0)
FNDA:4,(anonymous_1)
FNDA:2,(anonymous_2)
FNDA:10,(anonymous_3)
FNDA:2,(anonymous_4)
FNDA:2,(anonymous_5)
FNDA:10,(anonymous_6)
FNDA:2,(anonymous_7)
FNDA:10,(anonymous_8)
FNDA:7,(anonymous_9)
DA:1,1
DA:4,1
DA:5,1
DA:11,1
DA:12,9
DA:15,4
DA:19,10
DA:23,2
DA:25,2
DA:26,2
DA:27,2
DA:28,2
DA:30,1
DA:32,1
DA:40,1
DA:51,2
DA:53,2
DA:54,2
DA:55,2
DA:57,10
DA:59,2
DA:60,1
DA:63,1
DA:65,1
DA:73,1
DA:84,10
DA:86,2
DA:87,7
DA:89,1
DA:95,1
LF:30
LH:30
BRDA:59,0,0,1
BRDA:86,1,0,1
BRDA:86,1,1,1
BRF:3
BRH:3
end_of_record
TN:
SF:src/utils/index.ts
FN:1,(anonymous_0)
FNF:1
FNH:1
FNDA:6,(anonymous_0)
DA:1,7
LF:1
LH:1
BRF:0
BRH:0
end_of_record
TN:
SF:src/utils/return-mutation-response.ts
FN:7,returnMutationResponse
FNF:1
FNH:1
FNDA:9,returnMutationResponse
DA:7,2
DA:12,9
LF:2
LH:2
BRDA:13,0,0,5
BRDA:13,0,1,4
BRF:2
BRH:2
end_of_record
TN:
SF:src/validators/index.ts
FNF:0
FNH:0
DA:1,1
DA:2,1
DA:3,1
LF:3
LH:3
BRF:0
BRH:0
end_of_record
TN:
SF:src/validators/validate-character-not-exists.ts
FN:3,validateCharacterNotExists
FN:7,(anonymous_1)
FNF:2
FNH:2
FNDA:4,validateCharacterNotExists
FNDA:13,(anonymous_1)
DA:3,2
DA:7,13
DA:8,2
LF:3
LH:3
BRDA:7,0,0,2
BRF:1
BRH:1
end_of_record
TN:
SF:src/validators/validate-episodes.ts
FN:3,validateEpisodes
FN:4,(anonymous_1)
FNF:2
FNH:2
FNDA:7,validateEpisodes
FNDA:12,(anonymous_1)
DA:1,2
DA:3,2
DA:4,12
DA:5,2
LF:4
LH:4
BRDA:4,0,0,2
BRF:1
BRH:1
end_of_record
TN:
SF:src/validators/validate-planet.ts
FN:1,validatePlanet
FNF:1
FNH:1
FNDA:6,validatePlanet
DA:1,2
DA:2,6
DA:3,1
LF:3
LH:3
BRDA:2,0,0,1
BRF:1
BRH:1
end_of_record
